2020-12-07 20:01:08,797 INFO notifyConnectTimeout:200

2020-12-07 20:01:08,801 INFO notifySocketTimeout:8000

2020-12-07 20:01:08,801 INFO isHealthCheck:true

2020-12-07 20:01:08,802 INFO maxHealthCheckFailCount:12

2020-12-07 20:01:08,802 INFO maxContent:10485760

2020-12-07 20:01:15,179 INFO use local db service for init

2020-12-07 20:01:16,043 WARN Lexical error at line 4, column 66.  Encountered: <EOF> after : "".

2020-12-07 20:01:16,075 WARN Syntax error: Encountered "*" at line 1, column 1.

2020-12-07 20:01:16,124 WARN Table/View 'CONFIG_INFO' already exists in Schema 'NACOS'.

2020-12-07 20:01:16,171 WARN Table/View 'HIS_CONFIG_INFO' already exists in Schema 'NACOS'.

2020-12-07 20:01:16,186 WARN Table/View 'CONFIG_INFO_BETA' already exists in Schema 'NACOS'.

2020-12-07 20:01:16,194 WARN Table/View 'CONFIG_INFO_TAG' already exists in Schema 'NACOS'.

2020-12-07 20:01:16,204 WARN Table/View 'CONFIG_INFO_AGGR' already exists in Schema 'NACOS'.

2020-12-07 20:01:16,212 WARN Table/View 'APP_LIST' already exists in Schema 'NACOS'.

2020-12-07 20:01:16,218 WARN Table/View 'APP_CONFIGDATA_RELATION_SUBS' already exists in Schema 'NACOS'.

2020-12-07 20:01:16,225 WARN Table/View 'APP_CONFIGDATA_RELATION_PUBS' already exists in Schema 'NACOS'.

2020-12-07 20:01:16,231 WARN Table/View 'CONFIG_TAGS_RELATION' already exists in Schema 'NACOS'.

2020-12-07 20:01:16,243 WARN Table/View 'GROUP_CAPACITY' already exists in Schema 'NACOS'.

2020-12-07 20:01:16,250 WARN Table/View 'TENANT_CAPACITY' already exists in Schema 'NACOS'.

2020-12-07 20:01:16,257 WARN Table/View 'TENANT_INFO' already exists in Schema 'NACOS'.

2020-12-07 20:01:16,266 WARN Table/View 'USERS' already exists in Schema 'NACOS'.

2020-12-07 20:01:16,272 WARN Table/View 'ROLES' already exists in Schema 'NACOS'.

2020-12-07 20:01:16,277 WARN Table/View 'PERMISSIONS' already exists in Schema 'NACOS'.

2020-12-07 20:01:16,341 WARN The statement was aborted because it would have caused a duplicate key value in a unique or primary key constraint or unique index identified by 'SQL201204111236250' defined on 'USERS'.

2020-12-07 20:01:16,345 WARN The statement was aborted because it would have caused a duplicate key value in a unique or primary key constraint or unique index identified by 'UK_USERNAME_ROLE' defined on 'ROLES'.

2020-12-07 20:01:16,346 INFO use StandaloneDatabaseOperateImpl

2020-12-07 20:01:19,543 WARN DumpService start

2020-12-07 20:01:19,544 INFO start clear all config-info.

2020-12-07 20:01:19,546 WARN clear all config-info failed.

2020-12-07 20:01:19,546 WARN clear all config-info-tenant failed.

2020-12-07 20:01:19,764 INFO [all-dump] 308794438896517120 / 308794438896517120

2020-12-07 20:01:19,764 INFO start clear all config-info-beta.

2020-12-07 20:01:19,764 WARN clear all config-info-beta failed.

2020-12-07 20:01:19,764 WARN clear all config-info-beta-tenant failed.

2020-12-07 20:01:19,831 INFO start clear all config-info-tag.

2020-12-07 20:01:19,832 WARN clear all config-info-tag failed.

2020-12-07 20:01:19,832 WARN clear all config-info-tag-tenant failed.

